
=== Thu Sep 13 08:53:34 2018

Packages were changed.
Update Mode: updateDependencies

The following packages were added:
  com.unity.collab-proxy@1.2.9
The following packages were updated:
  com.unity.package-manager-ui from version 1.9.11 to 2.0.0-preview.7

=== Sun Oct 14 10:10:00 2018

Packages were changed.
Update Mode: updateDependencies

The following packages were updated:
  com.unity.package-manager-ui from version 2.0.0-preview.7 to 2.0.1

=== Sun Jun  9 07:23:11 2019

Packages were changed.
Update Mode: updateDependencies

The following packages were added:
  com.unity.2d.tilemap@1.0.0
  com.unity.ext.nunit@1.0.0
  com.unity.test-framework@1.0.13
  com.unity.timeline@1.1.0
  com.unity.2d.sprite@1.0.0
  com.unity.ide.vscode@1.0.4
  com.unity.ide.visualstudio@1.0.5
  com.unity.ide.rider@1.0.4
  com.unity.ugui@1.0.0
  com.unity.modules.androidjni@1.0.0
  com.unity.multiplayer-hlapi@1.0.2
  com.unity.xr.legacyinputhelpers@2.0.2
The following packages were updated:
  com.unity.cinemachine from version 2.2.7 to 2.3.3
  com.unity.package-manager-ui from version 2.0.1 to 2.2.0
  com.unity.postprocessing from version 2.0.11-preview to 2.1.3
  com.unity.textmeshpro from version 1.3.0 to 2.0.0

=== Sun Jun  9 11:46:58 2019

Packages were changed.
Update Mode: updateDependencies

The following packages were updated:
  com.unity.ide.rider from version 1.0.4 to 1.0.8
  com.unity.ide.visualstudio from version 1.0.5 to 1.0.10
  com.unity.ide.vscode from version 1.0.4 to 1.0.7
  com.unity.textmeshpro from version 2.0.0 to 2.0.1
